<?xml version="1.0" encoding="UTF-8"?>
<!-- Generated by org.testng.reporters.JUnitReportReporter -->
<testsuite hostname="DESKTOP-VOHK0TT" failures="0" tests="1" name="testsuite.TestMethods" time="0.817" errors="0" timestamp="2024-07-02T15:08:52 IST" skipped="0">
  <testcase classname="testsuite.TestMethods" name="verifyLogin" time="0.817"/>
  <system-out/>
</testsuite> <!-- testsuite.TestMethods -->
