<?xml version="1.0" encoding="UTF-8"?>
<!-- Generated by org.testng.reporters.JUnitReportReporter -->
<testsuite hostname="DESKTOP-VOHK0TT" failures="0" tests="1" name="com.br.PageObjectModelDemo.AppTest" time="0.011" errors="0" timestamp="2024-07-02T15:08:52 IST" skipped="0">
  <testcase classname="com.br.PageObjectModelDemo.AppTest" name="shouldAnswerWithTrue" time="0.011"/>
  <system-out/>
</testsuite> <!-- com.br.PageObjectModelDemo.AppTest -->
