<?xml version="1.0" encoding="UTF-8"?>
<!-- Generated by org.testng.reporters.JUnitReportReporter -->
<testsuite hostname="DESKTOP-VOHK0TT" failures="0" tests="1" name="testsuite.TestMethods" time="0.950" errors="0" timestamp="2024-06-17T18:06:42 IST" skipped="0">
  <testcase classname="testsuite.TestMethods" name="verifyLogin" time="0.950"/>
  <system-out/>
</testsuite> <!-- testsuite.TestMethods -->
